objc[39451]: Class AXEmojiUtilities is implemented in both /Applications/Xcode.app/Contents/Developer/Platforms/iPhoneSimulator.platform/Developer/SDKs/iPhoneSimulator7.1.sdk/System/Library/PrivateFrameworks/AccessibilityUtilities.framework/AccessibilityUtilities and /Applications/Xcode.app/Contents/Developer/Platforms/iPhoneSimulator.platform/Developer/SDKs/iPhoneSimulator7.1.sdk/usr/lib/libAXSpeechManager.dylib. One of the two will be used. Which one is undefined.
2014-08-17 23:56:46.592 CUBus[39451:70b] Cannot find executable for CFBundle 0xa878ea0 </Applications/Xcode.app/Contents/Developer/Platforms/iPhoneSimulator.platform/Developer/SDKs/iPhoneSimulator7.1.sdk/System/Library/AccessibilityBundles/GeoServices.axbundle> (not loaded)
2014-08-17 23:56:46.600 CUBus[39451:70b] Cannot find executable for CFBundle 0xa583570 </Applications/Xcode.app/Contents/Developer/Platforms/iPhoneSimulator.platform/Developer/SDKs/iPhoneSimulator7.1.sdk/System/Library/AccessibilityBundles/CertUIFramework.axbundle> (not loaded)
2014-08-17 23:56:46.634 CUBus[39451:70b] Multi-tasking -> Device: YES, App: YES
2014-08-17 23:56:46.670 CUBus[39451:70b] Unlimited access to network resources
2014-08-17 23:56:48.208 CUBus[39451:70b] [CDVTimer][keyboard] 0.106037ms
2014-08-17 23:56:48.208 CUBus[39451:70b] CDVPlugin class CDVStatusBar (pluginName: statusbar) does not exist.
2014-08-17 23:56:48.209 CUBus[39451:70b] [CDVTimer][statusbar] 0.554979ms
2014-08-17 23:56:48.209 CUBus[39451:70b] [CDVTimer][TotalPluginStartup] 1.698971ms
2014-08-17 23:56:48.507 CUBus[39451:70b] Resetting plugins due to page load.
2014-08-17 23:56:48.722 CUBus[39451:70b] Finished load of: file:///Users/owner/Library/Application%20Support/iPhone%20Simulator/7.1/Applications/4597F2E2-5F7D-4D3E-AC8B-E25A813A606E/CUBus.app/www/index.html#/tab/dash
objc[89902]: Class AXEmojiUtilities is implemented in both /Applications/Xcode.app/Contents/Developer/Platforms/iPhoneSimulator.platform/Developer/SDKs/iPhoneSimulator7.1.sdk/System/Library/PrivateFrameworks/AccessibilityUtilities.framework/AccessibilityUtilities and /Applications/Xcode.app/Contents/Developer/Platforms/iPhoneSimulator.platform/Developer/SDKs/iPhoneSimulator7.1.sdk/usr/lib/libAXSpeechManager.dylib. One of the two will be used. Which one is undefined.
2014-08-20 15:35:31.131 CUBus[89902:70b] Cannot find executable for CFBundle 0xa223ba0 </Applications/Xcode.app/Contents/Developer/Platforms/iPhoneSimulator.platform/Developer/SDKs/iPhoneSimulator7.1.sdk/System/Library/AccessibilityBundles/GeoServices.axbundle> (not loaded)
2014-08-20 15:35:31.139 CUBus[89902:70b] Cannot find executable for CFBundle 0xa326220 </Applications/Xcode.app/Contents/Developer/Platforms/iPhoneSimulator.platform/Developer/SDKs/iPhoneSimulator7.1.sdk/System/Library/AccessibilityBundles/CertUIFramework.axbundle> (not loaded)
2014-08-20 15:35:31.172 CUBus[89902:70b] Multi-tasking -> Device: YES, App: YES
2014-08-20 15:35:31.196 CUBus[89902:70b] Unlimited access to network resources
2014-08-20 15:35:31.336 CUBus[89902:70b] [CDVTimer][keyboard] 0.810027ms
2014-08-20 15:35:31.336 CUBus[89902:70b] CDVPlugin class CDVStatusBar (pluginName: statusbar) does not exist.
2014-08-20 15:35:31.337 CUBus[89902:70b] [CDVTimer][statusbar] 0.367999ms
2014-08-20 15:35:31.337 CUBus[89902:70b] [CDVTimer][TotalPluginStartup] 1.938999ms
2014-08-20 15:35:31.529 CUBus[89902:70b] Resetting plugins due to page load.
2014-08-20 15:35:31.838 CUBus[89902:70b] Finished load of: file:///Users/owner/Library/Application%20Support/iPhone%20Simulator/7.1/Applications/4597F2E2-5F7D-4D3E-AC8B-E25A813A606E/CUBus.app/www/index.html#/tab/dash
